2022-10-04 00:04:16.016 [main] INFO  c.s.b.b.BlogAdminApplication - [logStarting,55] - Starting BlogAdminApplication using Java 1.8.0_202 on lijianweideMacBook-Pro.local with PID 82817 (/Users/lijianwei/Documents/IdeaWorkspace/study/my_blog_rd/blog_admin/target/classes started by lijianwei in /Users/lijianwei/Documents/IdeaWorkspace/study/my_blog_rd)
2022-10-04 00:04:16.016 [main] INFO  c.s.b.b.BlogAdminApplication - [logStartupProfileInfo,634] - No active profile set, falling back to 1 default profile: "default"
2022-10-04 00:10:13.013 [main] INFO  c.s.b.b.BlogAdminApplication - [logStarting,55] - Starting BlogAdminApplication using Java 1.8.0_202 on lijianweideMacBook-Pro.local with PID 83157 (/Users/lijianwei/Documents/IdeaWorkspace/study/my_blog_rd/blog_admin/target/classes started by lijianwei in /Users/lijianwei/Documents/IdeaWorkspace/study/my_blog_rd)
2022-10-04 00:10:13.013 [main] INFO  c.s.b.b.BlogAdminApplication - [logStartupProfileInfo,634] - No active profile set, falling back to 1 default profile: "default"
2022-10-04 00:11:12.012 [main] INFO  c.s.b.b.BlogAdminApplication - [logStarting,55] - Starting BlogAdminApplication using Java 1.8.0_202 on lijianweideMacBook-Pro.local with PID 83229 (/Users/lijianwei/Documents/IdeaWorkspace/study/my_blog_rd/blog_admin/target/classes started by lijianwei in /Users/lijianwei/Documents/IdeaWorkspace/study/my_blog_rd)
2022-10-04 00:11:12.012 [main] INFO  c.s.b.b.BlogAdminApplication - [logStartupProfileInfo,634] - No active profile set, falling back to 1 default profile: "default"
2022-10-04 00:20:37.037 [main] INFO  c.s.b.b.BlogAdminApplication - [logStarting,55] - Starting BlogAdminApplication using Java 1.8.0_202 on lijianweideMacBook-Pro.local with PID 83794 (/Users/lijianwei/Documents/IdeaWorkspace/study/my_blog_rd/blog_admin/target/classes started by lijianwei in /Users/lijianwei/Documents/IdeaWorkspace/study/my_blog_rd)
2022-10-04 00:20:37.037 [main] INFO  c.s.b.b.BlogAdminApplication - [logStartupProfileInfo,634] - No active profile set, falling back to 1 default profile: "default"
2022-10-04 00:20:39.039 [main] INFO  o.a.c.h.Http11NioProtocol - [log,173] - Initializing ProtocolHandler ["http-nio-8081"]
2022-10-04 00:20:39.039 [main] INFO  o.a.c.c.StandardService - [log,173] - Starting service [Tomcat]
2022-10-04 00:20:39.039 [main] INFO  o.a.c.c.StandardEngine - [log,173] - Starting Servlet engine: [Apache Tomcat/9.0.65]
2022-10-04 00:20:40.040 [main] INFO  o.a.c.c.C.[.[.[/] - [log,173] - Initializing Spring embedded WebApplicationContext
2022-10-04 00:20:40.040 [main] INFO  o.a.c.c.StandardService - [log,173] - Stopping service [Tomcat]
2022-10-04 00:23:28.028 [main] INFO  c.s.b.b.BlogAdminApplication - [logStarting,55] - Starting BlogAdminApplication using Java 1.8.0_202 on lijianweideMacBook-Pro.local with PID 83975 (/Users/lijianwei/Documents/IdeaWorkspace/study/my_blog_rd/blog_admin/target/classes started by lijianwei in /Users/lijianwei/Documents/IdeaWorkspace/study/my_blog_rd)
2022-10-04 00:23:28.028 [main] INFO  c.s.b.b.BlogAdminApplication - [logStartupProfileInfo,634] - No active profile set, falling back to 1 default profile: "default"
2022-10-04 00:23:31.031 [main] INFO  o.a.c.h.Http11NioProtocol - [log,173] - Initializing ProtocolHandler ["http-nio-8081"]
2022-10-04 00:23:31.031 [main] INFO  o.a.c.c.StandardService - [log,173] - Starting service [Tomcat]
2022-10-04 00:23:31.031 [main] INFO  o.a.c.c.StandardEngine - [log,173] - Starting Servlet engine: [Apache Tomcat/9.0.65]
2022-10-04 00:23:31.031 [main] INFO  o.a.c.c.C.[.[.[/] - [log,173] - Initializing Spring embedded WebApplicationContext
2022-10-04 00:23:31.031 [main] INFO  o.a.c.c.StandardService - [log,173] - Stopping service [Tomcat]
2022-10-04 00:25:09.009 [main] INFO  c.s.b.b.BlogAdminApplication - [logStarting,55] - Starting BlogAdminApplication using Java 1.8.0_202 on lijianweideMacBook-Pro.local with PID 84080 (/Users/lijianwei/Documents/IdeaWorkspace/study/my_blog_rd/blog_admin/target/classes started by lijianwei in /Users/lijianwei/Documents/IdeaWorkspace/study/my_blog_rd)
2022-10-04 00:25:09.009 [main] INFO  c.s.b.b.BlogAdminApplication - [logStartupProfileInfo,634] - No active profile set, falling back to 1 default profile: "default"
2022-10-04 00:25:12.012 [main] INFO  o.a.c.h.Http11NioProtocol - [log,173] - Initializing ProtocolHandler ["http-nio-8081"]
2022-10-04 00:25:12.012 [main] INFO  o.a.c.c.StandardService - [log,173] - Starting service [Tomcat]
2022-10-04 00:25:12.012 [main] INFO  o.a.c.c.StandardEngine - [log,173] - Starting Servlet engine: [Apache Tomcat/9.0.65]
2022-10-04 00:25:12.012 [main] INFO  o.a.c.c.C.[.[.[/] - [log,173] - Initializing Spring embedded WebApplicationContext
2022-10-04 00:25:12.012 [main] INFO  c.s.b.b.c.JedisConfig - [redisPoolFactory,52] - 初始化Redis连接池jedisPool成功 host:127.0.0.1, port:6379
2022-10-04 00:25:12.012 [main] INFO  o.a.c.c.StandardService - [log,173] - Stopping service [Tomcat]
2022-10-04 00:33:22.022 [main] INFO  c.s.b.b.BlogAdminApplication - [logStarting,55] - Starting BlogAdminApplication using Java 1.8.0_202 on lijianweideMacBook-Pro.local with PID 84618 (/Users/lijianwei/Documents/IdeaWorkspace/study/my_blog_rd/blog_admin/target/classes started by lijianwei in /Users/lijianwei/Documents/IdeaWorkspace/study/my_blog_rd)
2022-10-04 00:33:22.022 [main] INFO  c.s.b.b.BlogAdminApplication - [logStartupProfileInfo,634] - No active profile set, falling back to 1 default profile: "default"
2022-10-04 00:33:25.025 [main] INFO  o.a.c.h.Http11NioProtocol - [log,173] - Initializing ProtocolHandler ["http-nio-8081"]
2022-10-04 00:33:25.025 [main] INFO  o.a.c.c.StandardService - [log,173] - Starting service [Tomcat]
2022-10-04 00:33:25.025 [main] INFO  o.a.c.c.StandardEngine - [log,173] - Starting Servlet engine: [Apache Tomcat/9.0.65]
2022-10-04 00:33:25.025 [main] INFO  o.a.c.c.C.[.[.[/] - [log,173] - Initializing Spring embedded WebApplicationContext
2022-10-04 00:33:25.025 [main] INFO  c.s.b.b.c.JedisConfig - [redisPoolFactory,52] - 初始化Redis连接池jedisPool成功 host:127.0.0.1, port:6379
2022-10-04 00:33:26.026 [main] INFO  o.a.c.c.StandardService - [log,173] - Stopping service [Tomcat]
2022-10-04 00:35:49.049 [main] INFO  c.s.b.b.BlogAdminApplication - [logStarting,55] - Starting BlogAdminApplication using Java 1.8.0_202 on lijianweideMacBook-Pro.local with PID 84766 (/Users/lijianwei/Documents/IdeaWorkspace/study/my_blog_rd/blog_admin/target/classes started by lijianwei in /Users/lijianwei/Documents/IdeaWorkspace/study/my_blog_rd)
2022-10-04 00:35:49.049 [main] INFO  c.s.b.b.BlogAdminApplication - [logStartupProfileInfo,634] - No active profile set, falling back to 1 default profile: "default"
2022-10-04 00:35:52.052 [main] INFO  o.a.c.h.Http11NioProtocol - [log,173] - Initializing ProtocolHandler ["http-nio-8081"]
2022-10-04 00:35:52.052 [main] INFO  o.a.c.c.StandardService - [log,173] - Starting service [Tomcat]
2022-10-04 00:35:52.052 [main] INFO  o.a.c.c.StandardEngine - [log,173] - Starting Servlet engine: [Apache Tomcat/9.0.65]
2022-10-04 00:35:52.052 [main] INFO  o.a.c.c.C.[.[.[/] - [log,173] - Initializing Spring embedded WebApplicationContext
2022-10-04 00:35:52.052 [main] INFO  o.a.c.c.StandardService - [log,173] - Stopping service [Tomcat]
2022-10-04 00:36:34.034 [main] INFO  c.s.b.b.BlogAdminApplication - [logStarting,55] - Starting BlogAdminApplication using Java 1.8.0_202 on lijianweideMacBook-Pro.local with PID 84810 (/Users/lijianwei/Documents/IdeaWorkspace/study/my_blog_rd/blog_admin/target/classes started by lijianwei in /Users/lijianwei/Documents/IdeaWorkspace/study/my_blog_rd)
2022-10-04 00:36:34.034 [main] INFO  c.s.b.b.BlogAdminApplication - [logStartupProfileInfo,634] - No active profile set, falling back to 1 default profile: "default"
2022-10-04 00:36:37.037 [main] INFO  o.a.c.h.Http11NioProtocol - [log,173] - Initializing ProtocolHandler ["http-nio-8081"]
2022-10-04 00:36:37.037 [main] INFO  o.a.c.c.StandardService - [log,173] - Starting service [Tomcat]
2022-10-04 00:36:37.037 [main] INFO  o.a.c.c.StandardEngine - [log,173] - Starting Servlet engine: [Apache Tomcat/9.0.65]
2022-10-04 00:36:37.037 [main] INFO  o.a.c.c.C.[.[.[/] - [log,173] - Initializing Spring embedded WebApplicationContext
2022-10-04 00:36:37.037 [main] INFO  c.s.b.b.c.JedisConfig - [redisPoolFactory,50] - 初始化Redis连接池jedisPool成功 host:127.0.0.1, port:6379
2022-10-04 00:36:38.038 [main] INFO  o.a.c.c.StandardService - [log,173] - Stopping service [Tomcat]
2022-10-04 00:43:01.001 [main] INFO  c.s.b.b.BlogAdminApplication - [logStarting,55] - Starting BlogAdminApplication using Java 1.8.0_202 on lijianweideMacBook-Pro.local with PID 85190 (/Users/lijianwei/Documents/IdeaWorkspace/study/my_blog_rd/blog_admin/target/classes started by lijianwei in /Users/lijianwei/Documents/IdeaWorkspace/study/my_blog_rd)
2022-10-04 00:43:01.001 [main] INFO  c.s.b.b.BlogAdminApplication - [logStartupProfileInfo,634] - No active profile set, falling back to 1 default profile: "default"
2022-10-04 00:43:03.003 [main] INFO  o.a.c.h.Http11NioProtocol - [log,173] - Initializing ProtocolHandler ["http-nio-8081"]
2022-10-04 00:43:03.003 [main] INFO  o.a.c.c.StandardService - [log,173] - Starting service [Tomcat]
2022-10-04 00:43:03.003 [main] INFO  o.a.c.c.StandardEngine - [log,173] - Starting Servlet engine: [Apache Tomcat/9.0.65]
2022-10-04 00:43:03.003 [main] INFO  o.a.c.c.C.[.[.[/] - [log,173] - Initializing Spring embedded WebApplicationContext
2022-10-04 00:43:03.003 [main] INFO  c.s.b.b.c.JedisConfig - [redisPoolFactory,52] - 初始化Redis连接池jedisPool成功 host:127.0.0.1, port:6379
2022-10-04 00:43:05.005 [main] INFO  o.a.c.c.StandardService - [log,173] - Stopping service [Tomcat]
2022-10-04 00:44:41.041 [main] INFO  c.s.b.b.BlogAdminApplication - [logStarting,55] - Starting BlogAdminApplication using Java 1.8.0_202 on lijianweideMacBook-Pro.local with PID 85371 (/Users/lijianwei/Documents/IdeaWorkspace/study/my_blog_rd/blog_admin/target/classes started by lijianwei in /Users/lijianwei/Documents/IdeaWorkspace/study/my_blog_rd)
2022-10-04 00:44:41.041 [main] INFO  c.s.b.b.BlogAdminApplication - [logStartupProfileInfo,634] - No active profile set, falling back to 1 default profile: "default"
2022-10-04 00:44:45.045 [main] INFO  o.a.c.h.Http11NioProtocol - [log,173] - Initializing ProtocolHandler ["http-nio-8081"]
2022-10-04 00:44:45.045 [main] INFO  o.a.c.c.StandardService - [log,173] - Starting service [Tomcat]
2022-10-04 00:44:45.045 [main] INFO  o.a.c.c.StandardEngine - [log,173] - Starting Servlet engine: [Apache Tomcat/9.0.65]
2022-10-04 00:44:45.045 [main] INFO  o.a.c.c.C.[.[.[/] - [log,173] - Initializing Spring embedded WebApplicationContext
2022-10-04 00:44:45.045 [main] INFO  c.s.b.b.c.JedisConfig - [redisPoolFactory,52] - 初始化Redis连接池jedisPool成功 host:127.0.0.1, port:6379
2022-10-04 00:44:47.047 [main] INFO  o.a.c.c.StandardService - [log,173] - Stopping service [Tomcat]
2022-10-04 00:45:14.014 [main] INFO  c.s.b.b.BlogAdminApplication - [logStarting,55] - Starting BlogAdminApplication using Java 1.8.0_202 on lijianweideMacBook-Pro.local with PID 85416 (/Users/lijianwei/Documents/IdeaWorkspace/study/my_blog_rd/blog_admin/target/classes started by lijianwei in /Users/lijianwei/Documents/IdeaWorkspace/study/my_blog_rd)
2022-10-04 00:45:14.014 [main] INFO  c.s.b.b.BlogAdminApplication - [logStartupProfileInfo,634] - No active profile set, falling back to 1 default profile: "default"
2022-10-04 00:45:16.016 [main] INFO  o.a.c.h.Http11NioProtocol - [log,173] - Initializing ProtocolHandler ["http-nio-8081"]
2022-10-04 00:45:16.016 [main] INFO  o.a.c.c.StandardService - [log,173] - Starting service [Tomcat]
2022-10-04 00:45:16.016 [main] INFO  o.a.c.c.StandardEngine - [log,173] - Starting Servlet engine: [Apache Tomcat/9.0.65]
2022-10-04 00:45:16.016 [main] INFO  o.a.c.c.C.[.[.[/] - [log,173] - Initializing Spring embedded WebApplicationContext
2022-10-04 00:45:16.016 [main] INFO  c.s.b.b.c.JedisConfig - [redisPoolFactory,56] - 初始化Redis连接池jedisPool成功 host:127.0.0.1, port:6379
2022-10-04 00:45:17.017 [main] INFO  o.a.c.c.StandardService - [log,173] - Stopping service [Tomcat]
2022-10-04 00:50:24.024 [main] INFO  c.s.b.b.BlogAdminApplication - [logStarting,55] - Starting BlogAdminApplication using Java 1.8.0_202 on lijianweideMacBook-Pro.local with PID 85747 (/Users/lijianwei/Documents/IdeaWorkspace/study/my_blog_rd/blog_admin/target/classes started by lijianwei in /Users/lijianwei/Documents/IdeaWorkspace/study/my_blog_rd)
2022-10-04 00:50:24.024 [main] INFO  c.s.b.b.BlogAdminApplication - [logStartupProfileInfo,634] - No active profile set, falling back to 1 default profile: "default"
2022-10-04 00:50:26.026 [main] INFO  o.a.c.h.Http11NioProtocol - [log,173] - Initializing ProtocolHandler ["http-nio-8081"]
2022-10-04 00:50:26.026 [main] INFO  o.a.c.c.StandardService - [log,173] - Starting service [Tomcat]
2022-10-04 00:50:26.026 [main] INFO  o.a.c.c.StandardEngine - [log,173] - Starting Servlet engine: [Apache Tomcat/9.0.65]
2022-10-04 00:50:27.027 [main] INFO  o.a.c.c.C.[.[.[/] - [log,173] - Initializing Spring embedded WebApplicationContext
2022-10-04 00:50:27.027 [main] INFO  c.s.b.b.c.JedisConfig - [redisPoolFactory,56] - 初始化Redis连接池jedisPool成功 host:127.0.0.1, port:6379
2022-10-04 00:50:28.028 [main] INFO  o.a.c.c.StandardService - [log,173] - Stopping service [Tomcat]
2022-10-04 00:51:41.041 [main] INFO  c.s.b.b.BlogAdminApplication - [logStarting,55] - Starting BlogAdminApplication using Java 1.8.0_202 on lijianweideMacBook-Pro.local with PID 85820 (/Users/lijianwei/Documents/IdeaWorkspace/study/my_blog_rd/blog_admin/target/classes started by lijianwei in /Users/lijianwei/Documents/IdeaWorkspace/study/my_blog_rd)
2022-10-04 00:51:41.041 [main] INFO  c.s.b.b.BlogAdminApplication - [logStartupProfileInfo,634] - No active profile set, falling back to 1 default profile: "default"
2022-10-04 00:51:44.044 [main] INFO  o.a.c.h.Http11NioProtocol - [log,173] - Initializing ProtocolHandler ["http-nio-8081"]
2022-10-04 00:51:44.044 [main] INFO  o.a.c.c.StandardService - [log,173] - Starting service [Tomcat]
2022-10-04 00:51:44.044 [main] INFO  o.a.c.c.StandardEngine - [log,173] - Starting Servlet engine: [Apache Tomcat/9.0.65]
2022-10-04 00:51:44.044 [main] INFO  o.a.c.c.C.[.[.[/] - [log,173] - Initializing Spring embedded WebApplicationContext
2022-10-04 00:51:44.044 [main] INFO  c.s.b.b.c.JedisConfig - [redisPoolFactory,54] - 初始化Redis连接池jedisPool成功 host:127.0.0.1, port:6379
2022-10-04 00:51:45.045 [main] INFO  o.a.c.c.StandardService - [log,173] - Stopping service [Tomcat]
2022-10-04 00:59:27.027 [main] INFO  c.s.b.b.BlogAdminApplication - [logStarting,55] - Starting BlogAdminApplication using Java 1.8.0_202 on lijianweideMacBook-Pro.local with PID 86961 (/Users/lijianwei/Documents/IdeaWorkspace/study/my_blog_rd/blog_admin/target/classes started by lijianwei in /Users/lijianwei/Documents/IdeaWorkspace/study/my_blog_rd)
2022-10-04 00:59:27.027 [main] INFO  c.s.b.b.BlogAdminApplication - [logStartupProfileInfo,634] - No active profile set, falling back to 1 default profile: "default"
2022-10-04 00:59:30.030 [main] INFO  o.a.c.h.Http11NioProtocol - [log,173] - Initializing ProtocolHandler ["http-nio-8081"]
2022-10-04 00:59:30.030 [main] INFO  o.a.c.c.StandardService - [log,173] - Starting service [Tomcat]
2022-10-04 00:59:30.030 [main] INFO  o.a.c.c.StandardEngine - [log,173] - Starting Servlet engine: [Apache Tomcat/9.0.65]
2022-10-04 00:59:31.031 [main] INFO  o.a.c.c.C.[.[.[/] - [log,173] - Initializing Spring embedded WebApplicationContext
2022-10-04 00:59:31.031 [main] INFO  c.s.b.b.c.JedisConfig - [redisPoolFactory,55] - 初始化Redis连接池jedisPool成功 host:127.0.0.1, port:6379
2022-10-04 00:59:34.034 [main] INFO  o.a.c.h.Http11NioProtocol - [log,173] - Starting ProtocolHandler ["http-nio-8081"]
2022-10-04 00:59:34.034 [main] INFO  c.s.b.b.BlogAdminApplication - [logStarted,61] - Started BlogAdminApplication in 7.405 seconds (JVM running for 8.341)
2022-10-04 01:00:06.006 [main] INFO  c.s.b.b.BlogAdminApplication - [logStarting,55] - Starting BlogAdminApplication using Java 1.8.0_202 on lijianweideMacBook-Pro.local with PID 87002 (/Users/lijianwei/Documents/IdeaWorkspace/study/my_blog_rd/blog_admin/target/classes started by lijianwei in /Users/lijianwei/Documents/IdeaWorkspace/study/my_blog_rd)
2022-10-04 01:00:06.006 [main] INFO  c.s.b.b.BlogAdminApplication - [logStartupProfileInfo,634] - No active profile set, falling back to 1 default profile: "default"
2022-10-04 01:00:08.008 [main] INFO  o.a.c.h.Http11NioProtocol - [log,173] - Initializing ProtocolHandler ["http-nio-8081"]
2022-10-04 01:00:08.008 [main] INFO  o.a.c.c.StandardService - [log,173] - Starting service [Tomcat]
2022-10-04 01:00:08.008 [main] INFO  o.a.c.c.StandardEngine - [log,173] - Starting Servlet engine: [Apache Tomcat/9.0.65]
2022-10-04 01:00:08.008 [main] INFO  o.a.c.c.C.[.[.[/] - [log,173] - Initializing Spring embedded WebApplicationContext
2022-10-04 01:00:09.009 [main] INFO  c.s.b.b.c.JedisConfig - [redisPoolFactory,55] - 初始化Redis连接池jedisPool成功 host:127.0.0.1, port:6379
2022-10-04 01:00:10.010 [main] INFO  o.a.c.h.Http11NioProtocol - [log,173] - Starting ProtocolHandler ["http-nio-8081"]
2022-10-04 01:00:10.010 [main] INFO  c.s.b.b.BlogAdminApplication - [logStarted,61] - Started BlogAdminApplication in 4.607 seconds (JVM running for 5.884)
